0 info it worked if it ends with ok
1 verbose cli [ '/usr/local/bin/node',
1 verbose cli   '/usr/local/bin/npm',
1 verbose cli   'run',
1 verbose cli   'production' ]
2 info using npm@3.10.9
3 info using node@v6.4.0
4 verbose run-script [ 'preproduction', 'production', 'postproduction' ]
5 info lifecycle server@1.0.0~preproduction: server@1.0.0
6 silly lifecycle server@1.0.0~preproduction: no script for preproduction, continuing
7 info lifecycle server@1.0.0~production: server@1.0.0
8 verbose lifecycle server@1.0.0~production: unsafe-perm in lifecycle true
9 verbose lifecycle server@1.0.0~production: PATH: /usr/local/lib/node_modules/npm/bin/node-gyp-bin:/Users/jillwilson/Desktop/lightning-repos/journies/server/node_modules/.bin:/Users/jillwilson/.rvm/gems/ruby-2.2.4/bin:/Users/jillwilson/.rvm/gems/ruby-2.2.4@global/bin:/Users/jillwilson/.rvm/rubies/ruby-2.2.4/bin:/usr/local/bin:/usr/bin:/bin:/usr/sbin:/sbin:/opt/X11/bin:/usr/local/git/bin:/Library/TeX/texbin:/Users/jillwilson/.rvm/gems/ruby-2.2.4/bin:/Users/jillwilson/.rvm/gems/ruby-2.2.4@global/bin:/Users/jillwilson/.rvm/rubies/ruby-2.2.4/bin:/Library/Frameworks/Python.framework/Versions/3.5/bin:/Users/jillwilson/Library/Enthought/Canopy_64bit/User/bin:/opt/local/bin:/opt/local/sbin:/Users/jillwilson/.rvm/bin:/usr/local/go/bin:/Users/jillwilson/go
10 verbose lifecycle server@1.0.0~production: CWD: /Users/jillwilson/Desktop/lightning-repos/journies/server
11 silly lifecycle server@1.0.0~production: Args: [ '-c', 'NODE_ENV=production node index.js' ]
12 silly lifecycle server@1.0.0~production: Returned: code: 1  signal: null
13 info lifecycle server@1.0.0~production: Failed to exec production script
14 verbose stack Error: server@1.0.0 production: `NODE_ENV=production node index.js`
14 verbose stack Exit status 1
14 verbose stack     at EventEmitter.<anonymous> (/usr/local/lib/node_modules/npm/lib/utils/lifecycle.js:255:16)
14 verbose stack     at emitTwo (events.js:106:13)
14 verbose stack     at EventEmitter.emit (events.js:191:7)
14 verbose stack     at ChildProcess.<anonymous> (/usr/local/lib/node_modules/npm/lib/utils/spawn.js:40:14)
14 verbose stack     at emitTwo (events.js:106:13)
14 verbose stack     at ChildProcess.emit (events.js:191:7)
14 verbose stack     at maybeClose (internal/child_process.js:852:16)
14 verbose stack     at Process.ChildProcess._handle.onexit (internal/child_process.js:215:5)
15 verbose pkgid server@1.0.0
16 verbose cwd /Users/jillwilson/Desktop/lightning-repos/journies/server
17 error Darwin 15.6.0
18 error argv "/usr/local/bin/node" "/usr/local/bin/npm" "run" "production"
19 error node v6.4.0
20 error npm  v3.10.9
21 error code ELIFECYCLE
22 error server@1.0.0 production: `NODE_ENV=production node index.js`
22 error Exit status 1
23 error Failed at the server@1.0.0 production script 'NODE_ENV=production node index.js'.
23 error Make sure you have the latest version of node.js and npm installed.
23 error If you do, this is most likely a problem with the server package,
23 error not with npm itself.
23 error Tell the author that this fails on your system:
23 error     NODE_ENV=production node index.js
23 error You can get information on how to open an issue for this project with:
23 error     npm bugs server
23 error Or if that isn't available, you can get their info via:
23 error     npm owner ls server
23 error There is likely additional logging output above.
24 verbose exit [ 1, true ]
